<?xml version="1.0" encoding="UTF-8"?>
<testsuite xmlns:xsi="http://www.w3.org/2001/XMLSchema-instance" xsi:noNamespaceSchemaLocation="https://maven.apache.org/surefire/maven-surefire-plugin/xsd/surefire-test-report.xsd" name="com.tests.TestOperations" time="2.446" tests="1" errors="0" skipped="0" failures="1">
  <properties>
[...]
</properties>
  <testcase name="the game should stop once we click on ESC button" classname="Test game" time="2.116">
    <failure message="expected:&lt;true&gt; but was:&lt;false&gt;" type="java.lang.AssertionError"><![CDATA[java.lang.AssertionError: expected:<true> but was:<false>
]]></failure>
    <system-out><![CDATA[
Scenario Outline: the game should stop once we click on ESC button &amp#27;[90m# src/test/java/com/tests/TestOperations.feature:3&amp#27;[0m
Game started !2021-06-07T08:54:01.535354100
  &amp#27;[32mGiven &amp#27;[0m&amp#27;[32mthe game is started&amp#27;[0m                                        &amp#27;[90m# com.stepsdef.TestOperationsDef.the_game_is_started()&amp#27;[0m
Clicking ESC Button ...2021-06-07T08:54:03.550091
  &amp#27;[32mWhen &amp#27;[0m&amp#27;[32mI press the esc key&amp#27;[0m                                         &amp#27;[90m# com.stepsdef.TestOperationsDef.i_push_the_esc_key()&amp#27;[0m
Stoping ...2021-06-07T08:54:03.551069700
  &amp#27;[31mThen &amp#27;[0m&amp#27;[31mthe game should stop&amp#27;[0m                                        &amp#27;[90m# com.stepsdef.TestOperationsDef.the_game_should_stop()&amp#27;[0m
      &amp#27;[31mjava.lang.AssertionError: expected:<true> but was:<false>
	at org.junit.Assert.fail(Assert.java:89)
	at org.junit.Assert.failNotEquals(Assert.java:835)
	at org.junit.Assert.assertEquals(Assert.java:120)
	at org.junit.Assert.assertEquals(Assert.java:146)
	at com.stepsdef.TestOperationsDef.the_game_should_stop(TestOperationsDef.java:48)
	at âœ½.the game should stop(file:///C:/Users/ZEUS/eclipse-workspace/CucumberTest/src/test/java/com/tests/TestOperations.feature:6)
&amp#27;[0m
]]></system-out>
  </testcase>
</testsuite>